UpSchoolCapstoneProject/app/build 3/intermediates/manifest_merge_blame_file/debug/manifest-merger-blame-debug-report.txt
1<?xml version="1.0" encoding="utf-8"?>
2<manifest xmlns:android="http://schemas.android.com/apk/res/android"
3    package="com.senaemirmusaogullari.upschoolcapstoneproject"
4    android:versionCode="1"
5    android:versionName="1.0" >
6
7    <uses-sdk
8        android:minSdkVersion="24"
9        android:targetSdkVersion="34" />
10
11    <uses-permission android:name="android.permission.INTERNET" />
11-->src/main/AndroidManifest.xml:5:5-67
11-->src/main/AndroidManifest.xml:5:22-64
12
13    <queries>
13-->[com.github.chuckerteam.chucker:library:4.0.0] AndroidManifest.xml:7:5-13:15
14        <intent>
14-->[com.github.chuckerteam.chucker:library:4.0.0] AndroidManifest.xml:8:9-12:18
15            <action android:name="android.intent.action.CREATE_DOCUMENT" />
15-->[com.github.chuckerteam.chucker:library:4.0.0] AndroidManifest.xml:9:13-76
15-->[com.github.chuckerteam.chucker:library:4.0.0] AndroidManifest.xml:9:21-73
16
17            <data android:mimeType="*/*" />
17-->[com.github.chuckerteam.chucker:library:4.0.0] AndroidManifest.xml:11:13-44
17-->[com.github.chuckerteam.chucker:library:4.0.0] AndroidManifest.xml:11:19-41
18        </intent>
19    </queries>
20
21    <uses-permission
21-->[com.github.chuckerteam.chucker:library:4.0.0] AndroidManifest.xml:15:5-17:38
22        android:name="android.permission.WAKE_LOCK"
22-->[com.github.chuckerteam.chucker:library:4.0.0] AndroidManifest.xml:16:9-52
23        android:maxSdkVersion="25" />
23-->[com.github.chuckerteam.chucker:library:4.0.0] AndroidManifest.xml:17:9-35
24    <uses-permission android:name="android.permission.POST_NOTIFICATIONS" />
24-->[com.github.chuckerteam.chucker:library:4.0.0] AndroidManifest.xml:18:5-77
24-->[com.github.chuckerteam.chucker:library:4.0.0] AndroidManifest.xml:18:22-74
25    <uses-permission android:name="android.permission.ACCESS_NETWORK_STATE" />
25-->[com.google.firebase:firebase-auth:22.2.0] AndroidManifest.xml:26:5-79
25-->[com.google.firebase:firebase-auth:22.2.0] AndroidManifest.xml:26:22-76
26
27    <permission
27-->[androidx.core:core:1.12.0] AndroidManifest.xml:22:5-24:47
28        android:name="com.senaemirmusaogullari.upschoolcapstoneproject.DYNAMIC_RECEIVER_NOT_EXPORTED_PERMISSION"
28-->[androidx.core:core:1.12.0] AndroidManifest.xml:23:9-81
29        android:protectionLevel="signature" />
29-->[androidx.core:core:1.12.0] AndroidManifest.xml:24:9-44
30
31    <uses-permission android:name="com.senaemirmusaogullari.upschoolcapstoneproject.DYNAMIC_RECEIVER_NOT_EXPORTED_PERMISSION" />
31-->[androidx.core:core:1.12.0] AndroidManifest.xml:26:5-97
31-->[androidx.core:core:1.12.0] AndroidManifest.xml:26:22-94
32
33    <application
33-->src/main/AndroidManifest.xml:7:5-30:19
34        android:name="com.senaemirmusaogullari.upschoolcapstoneproject.MainApplication"
34-->src/main/AndroidManifest.xml:8:9-40
35        android:allowBackup="true"
35-->src/main/AndroidManifest.xml:9:9-35
36        android:appComponentFactory="androidx.core.app.CoreComponentFactory"
36-->[androidx.core:core:1.12.0] AndroidManifest.xml:28:18-86
37        android:dataExtractionRules="@xml/data_extraction_rules"
37-->src/main/AndroidManifest.xml:10:9-65
38        android:debuggable="true"
39        android:extractNativeLibs="false"
40        android:fullBackupContent="@xml/backup_rules"
40-->src/main/AndroidManifest.xml:11:9-54
41        android:icon="@mipmap/ic_launcher"
41-->src/main/AndroidManifest.xml:12:9-43
42        android:label="@string/app_name"
42-->src/main/AndroidManifest.xml:13:9-41
43        android:roundIcon="@mipmap/ic_launcher_round"
43-->src/main/AndroidManifest.xml:14:9-54
44        android:supportsRtl="true"
44-->src/main/AndroidManifest.xml:15:9-35
45        android:theme="@style/Theme.UpSchoolCapstoneProject" >
45-->src/main/AndroidManifest.xml:16:9-61
46        <activity
46-->src/main/AndroidManifest.xml:18:9-26:20
47            android:name="com.senaemirmusaogullari.upschoolcapstoneproject.ui.MainActivity"
47-->src/main/AndroidManifest.xml:19:13-44
48            android:exported="true" >
48-->src/main/AndroidManifest.xml:20:13-36
49            <intent-filter>
49-->src/main/AndroidManifest.xml:21:13-25:29
50                <action android:name="android.intent.action.MAIN" />
50-->src/main/AndroidManifest.xml:22:17-69
50-->src/main/AndroidManifest.xml:22:25-66
51
52                <category android:name="android.intent.category.LAUNCHER" />
52-->src/main/AndroidManifest.xml:24:17-77
52-->src/main/AndroidManifest.xml:24:27-74
53            </intent-filter>
54        </activity>
55
56        <meta-data
56-->src/main/AndroidManifest.xml:27:9-29:57
57            android:name="preloaded_fonts"
57-->src/main/AndroidManifest.xml:28:13-43
58            android:resource="@array/preloaded_fonts" />
58-->src/main/AndroidManifest.xml:29:13-54
59
60        <activity
60-->[com.github.chuckerteam.chucker:library:4.0.0] AndroidManifest.xml:21:9-26:52
61            android:name="com.chuckerteam.chucker.internal.ui.MainActivity"
61-->[com.github.chuckerteam.chucker:library:4.0.0] AndroidManifest.xml:22:13-76
62            android:label="@string/chucker_name"
62-->[com.github.chuckerteam.chucker:library:4.0.0] AndroidManifest.xml:23:13-49
63            android:launchMode="singleTask"
63-->[com.github.chuckerteam.chucker:library:4.0.0] AndroidManifest.xml:24:13-44
64            android:taskAffinity="com.chuckerteam.chucker.task"
64-->[com.github.chuckerteam.chucker:library:4.0.0] AndroidManifest.xml:25:13-64
65            android:theme="@style/Chucker.Theme" />
65-->[com.github.chuckerteam.chucker:library:4.0.0] AndroidManifest.xml:26:13-49
66        <activity
66-->[com.github.chuckerteam.chucker:library:4.0.0] AndroidManifest.xml:27:9-30:52
67            android:name="com.chuckerteam.chucker.internal.ui.transaction.TransactionActivity"
67-->[com.github.chuckerteam.chucker:library:4.0.0] AndroidManifest.xml:28:13-95
68            android:parentActivityName="com.chuckerteam.chucker.internal.ui.MainActivity"
68-->[com.github.chuckerteam.chucker:library:4.0.0] AndroidManifest.xml:29:13-90
69            android:theme="@style/Chucker.Theme" />
69-->[com.github.chuckerteam.chucker:library:4.0.0] AndroidManifest.xml:30:13-49
70
71        <service
71-->[com.github.chuckerteam.chucker:library:4.0.0] AndroidManifest.xml:32:9-35:72
72            android:name="com.chuckerteam.chucker.internal.support.ClearDatabaseService"
72-->[com.github.chuckerteam.chucker:library:4.0.0] AndroidManifest.xml:33:13-89
73            android:exported="false"
73-->[com.github.chuckerteam.chucker:library:4.0.0] AndroidManifest.xml:34:13-37
74            android:permission="android.permission.BIND_JOB_SERVICE" />
74-->[com.github.chuckerteam.chucker:library:4.0.0] AndroidManifest.xml:35:13-69
75
76        <receiver
76-->[com.github.chuckerteam.chucker:library:4.0.0] AndroidManifest.xml:37:9-39:40
77            android:name="com.chuckerteam.chucker.internal.support.ClearDatabaseJobIntentServiceReceiver"
77-->[com.github.chuckerteam.chucker:library:4.0.0] AndroidManifest.xml:38:13-106
78            android:exported="false" />
78-->[com.github.chuckerteam.chucker:library:4.0.0] AndroidManifest.xml:39:13-37
79
80        <provider
80-->[com.github.chuckerteam.chucker:library:4.0.0] AndroidManifest.xml:41:9-49:20
81            android:name="com.chuckerteam.chucker.internal.support.ChuckerFileProvider"
81-->[com.github.chuckerteam.chucker:library:4.0.0] AndroidManifest.xml:42:13-88
82            android:authorities="com.senaemirmusaogullari.upschoolcapstoneproject.com.chuckerteam.chucker.provider"
82-->[com.github.chuckerteam.chucker:library:4.0.0] AndroidManifest.xml:43:13-84
83            android:exported="false"
83-->[com.github.chuckerteam.chucker:library:4.0.0] AndroidManifest.xml:44:13-37
84            android:grantUriPermissions="true" >
84-->[com.github.chuckerteam.chucker:library:4.0.0] AndroidManifest.xml:45:13-47
85            <meta-data
85-->[com.github.chuckerteam.chucker:library:4.0.0] AndroidManifest.xml:46:13-48:66
86                android:name="android.support.FILE_PROVIDER_PATHS"
86-->[com.github.chuckerteam.chucker:library:4.0.0] AndroidManifest.xml:47:17-67
87                android:resource="@xml/chucker_provider_paths" />
87-->[com.github.chuckerteam.chucker:library:4.0.0] AndroidManifest.xml:48:17-63
88        </provider>
89
90        <activity
90-->[com.google.firebase:firebase-auth:22.2.0] AndroidManifest.xml:29:9-46:20
91            android:name="com.google.firebase.auth.internal.GenericIdpActivity"
91-->[com.google.firebase:firebase-auth:22.2.0] AndroidManifest.xml:30:13-80
92            android:excludeFromRecents="true"
92-->[com.google.firebase:firebase-auth:22.2.0] AndroidManifest.xml:31:13-46
93            android:exported="true"
93-->[com.google.firebase:firebase-auth:22.2.0] AndroidManifest.xml:32:13-36
94            android:launchMode="singleTask"
94-->[com.google.firebase:firebase-auth:22.2.0] AndroidManifest.xml:33:13-44
95            android:theme="@android:style/Theme.Translucent.NoTitleBar" >
95-->[com.google.firebase:firebase-auth:22.2.0] AndroidManifest.xml:34:13-72
96            <intent-filter>
96-->[com.google.firebase:firebase-auth:22.2.0] AndroidManifest.xml:35:13-45:29
97                <action android:name="android.intent.action.VIEW" />
97-->[com.google.firebase:firebase-auth:22.2.0] AndroidManifest.xml:36:17-69
97-->[com.google.firebase:firebase-auth:22.2.0] AndroidManifest.xml:36:25-66
98
99                <category android:name="android.intent.category.DEFAULT" />
99-->[com.google.firebase:firebase-auth:22.2.0] AndroidManifest.xml:38:17-76
99-->[com.google.firebase:firebase-auth:22.2.0] AndroidManifest.xml:38:27-73
100                <category android:name="android.intent.category.BROWSABLE" />
100-->[com.google.firebase:firebase-auth:22.2.0] AndroidManifest.xml:39:17-78
100-->[com.google.firebase:firebase-auth:22.2.0] AndroidManifest.xml:39:27-75
101
102                <data
102-->[com.github.chuckerteam.chucker:library:4.0.0] AndroidManifest.xml:11:13-44
103                    android:host="firebase.auth"
104                    android:path="/"
105                    android:scheme="genericidp" />
106            </intent-filter>
107        </activity>
108        <activity
108-->[com.google.firebase:firebase-auth:22.2.0] AndroidManifest.xml:47:9-64:20
109            android:name="com.google.firebase.auth.internal.RecaptchaActivity"
109-->[com.google.firebase:firebase-auth:22.2.0] AndroidManifest.xml:48:13-79
110            android:excludeFromRecents="true"
110-->[com.google.firebase:firebase-auth:22.2.0] AndroidManifest.xml:49:13-46
111            android:exported="true"
111-->[com.google.firebase:firebase-auth:22.2.0] AndroidManifest.xml:50:13-36
112            android:launchMode="singleTask"
112-->[com.google.firebase:firebase-auth:22.2.0] AndroidManifest.xml:51:13-44
113            android:theme="@android:style/Theme.Translucent.NoTitleBar" >
113-->[com.google.firebase:firebase-auth:22.2.0] AndroidManifest.xml:52:13-72
114            <intent-filter>
114-->[com.google.firebase:firebase-auth:22.2.0] AndroidManifest.xml:53:13-63:29
115                <action android:name="android.intent.action.VIEW" />
115-->[com.google.firebase:firebase-auth:22.2.0] AndroidManifest.xml:36:17-69
115-->[com.google.firebase:firebase-auth:22.2.0] AndroidManifest.xml:36:25-66
116
117                <category android:name="android.intent.category.DEFAULT" />
117-->[com.google.firebase:firebase-auth:22.2.0] AndroidManifest.xml:38:17-76
117-->[com.google.firebase:firebase-auth:22.2.0] AndroidManifest.xml:38:27-73
118                <category android:name="android.intent.category.BROWSABLE" />
118-->[com.google.firebase:firebase-auth:22.2.0] AndroidManifest.xml:39:17-78
118-->[com.google.firebase:firebase-auth:22.2.0] AndroidManifest.xml:39:27-75
119
120                <data
120-->[com.github.chuckerteam.chucker:library:4.0.0] AndroidManifest.xml:11:13-44
121                    android:host="firebase.auth"
122                    android:path="/"
123                    android:scheme="recaptcha" />
124            </intent-filter>
125        </activity>
126
127        <service
127-->[com.google.firebase:firebase-auth:22.2.0] AndroidManifest.xml:66:9-72:19
128            android:name="com.google.firebase.components.ComponentDiscoveryService"
128-->[com.google.firebase:firebase-auth:22.2.0] AndroidManifest.xml:67:13-84
129            android:directBootAware="true"
129-->[com.google.firebase:firebase-common:20.4.2] AndroidManifest.xml:32:13-43
130            android:exported="false" >
130-->[com.google.firebase:firebase-auth:22.2.0] AndroidManifest.xml:68:13-37
131            <meta-data
131-->[com.google.firebase:firebase-auth:22.2.0] AndroidManifest.xml:69:13-71:85
132                android:name="com.google.firebase.components:com.google.firebase.auth.FirebaseAuthRegistrar"
132-->[com.google.firebase:firebase-auth:22.2.0] AndroidManifest.xml:70:17-109
133                android:value="com.google.firebase.components.ComponentRegistrar" />
133-->[com.google.firebase:firebase-auth:22.2.0] AndroidManifest.xml:71:17-82
134            <meta-data
134-->[com.google.firebase:firebase-common-ktx:20.4.2] AndroidManifest.xml:12:13-14:85
135                android:name="com.google.firebase.components:com.google.firebase.ktx.FirebaseCommonLegacyRegistrar"
135-->[com.google.firebase:firebase-common-ktx:20.4.2] AndroidManifest.xml:13:17-116
136                android:value="com.google.firebase.components.ComponentRegistrar" />
136-->[com.google.firebase:firebase-common-ktx:20.4.2] AndroidManifest.xml:14:17-82
137            <meta-data
137-->[com.google.firebase:firebase-common:20.4.2] AndroidManifest.xml:35:13-37:85
138                android:name="com.google.firebase.components:com.google.firebase.FirebaseCommonKtxRegistrar"
138-->[com.google.firebase:firebase-common:20.4.2] AndroidManifest.xml:36:17-109
139                android:value="com.google.firebase.components.ComponentRegistrar" />
139-->[com.google.firebase:firebase-common:20.4.2] AndroidManifest.xml:37:17-82
140        </service>
141
142        <provider
142-->[androidx.emoji2:emoji2:1.2.0] AndroidManifest.xml:24:9-32:20
143            android:name="androidx.startup.InitializationProvider"
143-->[androidx.emoji2:emoji2:1.2.0] AndroidManifest.xml:25:13-67
144            android:authorities="com.senaemirmusaogullari.upschoolcapstoneproject.androidx-startup"
144-->[androidx.emoji2:emoji2:1.2.0] AndroidManifest.xml:26:13-68
145            android:exported="false" >
145-->[androidx.emoji2:emoji2:1.2.0] AndroidManifest.xml:27:13-37
146            <meta-data
146-->[androidx.emoji2:emoji2:1.2.0] AndroidManifest.xml:29:13-31:52
147                android:name="androidx.emoji2.text.EmojiCompatInitializer"
147-->[androidx.emoji2:emoji2:1.2.0] AndroidManifest.xml:30:17-75
148                android:value="androidx.startup" />
148-->[androidx.emoji2:emoji2:1.2.0] AndroidManifest.xml:31:17-49
149            <meta-data
149-->[androidx.lifecycle:lifecycle-process:2.6.2] AndroidManifest.xml:29:13-31:52
150                android:name="androidx.lifecycle.ProcessLifecycleInitializer"
150-->[androidx.lifecycle:lifecycle-process:2.6.2] AndroidManifest.xml:30:17-78
151                android:value="androidx.startup" />
151-->[androidx.lifecycle:lifecycle-process:2.6.2] AndroidManifest.xml:31:17-49
152            <meta-data
152-->[androidx.profileinstaller:profileinstaller:1.3.0] AndroidManifest.xml:29:13-31:52
153                android:name="androidx.profileinstaller.ProfileInstallerInitializer"
153-->[androidx.profileinstaller:profileinstaller:1.3.0] AndroidManifest.xml:30:17-85
154                android:value="androidx.startup" />
154-->[androidx.profileinstaller:profileinstaller:1.3.0] AndroidManifest.xml:31:17-49
155        </provider>
156
157        <activity
157-->[com.google.android.gms:play-services-base:18.0.1] AndroidManifest.xml:20:9-22:45
158            android:name="com.google.android.gms.common.api.GoogleApiActivity"
158-->[com.google.android.gms:play-services-base:18.0.1] AndroidManifest.xml:20:19-85
159            android:exported="false"
159-->[com.google.android.gms:play-services-base:18.0.1] AndroidManifest.xml:22:19-43
160            android:theme="@android:style/Theme.Translucent.NoTitleBar" />
160-->[com.google.android.gms:play-services-base:18.0.1] AndroidManifest.xml:21:19-78
161
162        <uses-library
162-->[androidx.window:window:1.0.0] AndroidManifest.xml:25:9-27:40
163            android:name="androidx.window.extensions"
163-->[androidx.window:window:1.0.0] AndroidManifest.xml:26:13-54
164            android:required="false" />
164-->[androidx.window:window:1.0.0] AndroidManifest.xml:27:13-37
165        <uses-library
165-->[androidx.window:window:1.0.0] AndroidManifest.xml:28:9-30:40
166            android:name="androidx.window.sidecar"
166-->[androidx.window:window:1.0.0] AndroidManifest.xml:29:13-51
167            android:required="false" />
167-->[androidx.window:window:1.0.0] AndroidManifest.xml:30:13-37
168
169        <provider
169-->[com.google.firebase:firebase-common:20.4.2] AndroidManifest.xml:23:9-28:39
170            android:name="com.google.firebase.provider.FirebaseInitProvider"
170-->[com.google.firebase:firebase-common:20.4.2] AndroidManifest.xml:24:13-77
171            android:authorities="com.senaemirmusaogullari.upschoolcapstoneproject.firebaseinitprovider"
171-->[com.google.firebase:firebase-common:20.4.2] AndroidManifest.xml:25:13-72
172            android:directBootAware="true"
172-->[com.google.firebase:firebase-common:20.4.2] AndroidManifest.xml:26:13-43
173            android:exported="false"
173-->[com.google.firebase:firebase-common:20.4.2] AndroidManifest.xml:27:13-37
174            android:initOrder="100" />
174-->[com.google.firebase:firebase-common:20.4.2] AndroidManifest.xml:28:13-36
175
176        <meta-data
176-->[com.google.android.gms:play-services-basement:18.1.0] AndroidManifest.xml:21:9-23:69
177            android:name="com.google.android.gms.version"
177-->[com.google.android.gms:play-services-basement:18.1.0] AndroidManifest.xml:22:13-58
178            android:value="@integer/google_play_services_version" />
178-->[com.google.android.gms:play-services-basement:18.1.0] AndroidManifest.xml:23:13-66
179
180        <service
180-->[androidx.room:room-runtime:2.6.0] AndroidManifest.xml:24:9-28:63
181            android:name="androidx.room.MultiInstanceInvalidationService"
181-->[androidx.room:room-runtime:2.6.0] AndroidManifest.xml:25:13-74
182            android:directBootAware="true"
182-->[androidx.room:room-runtime:2.6.0] AndroidManifest.xml:26:13-43
183            android:exported="false" />
183-->[androidx.room:room-runtime:2.6.0] AndroidManifest.xml:27:13-37
184
185        <receiver
185-->[androidx.profileinstaller:profileinstaller:1.3.0] AndroidManifest.xml:34:9-52:20
186            android:name="androidx.profileinstaller.ProfileInstallReceiver"
186-->[androidx.profileinstaller:profileinstaller:1.3.0] AndroidManifest.xml:35:13-76
187            android:directBootAware="false"
187-->[androidx.profileinstaller:profileinstaller:1.3.0] AndroidManifest.xml:36:13-44
188            android:enabled="true"
188-->[androidx.profileinstaller:profileinstaller:1.3.0] AndroidManifest.xml:37:13-35
189            android:exported="true"
189-->[androidx.profileinstaller:profileinstaller:1.3.0] AndroidManifest.xml:38:13-36
190            android:permission="android.permission.DUMP" >
190-->[androidx.profileinstaller:profileinstaller:1.3.0] AndroidManifest.xml:39:13-57
191            <intent-filter>
191-->[androidx.profileinstaller:profileinstaller:1.3.0] AndroidManifest.xml:40:13-42:29
192                <action android:name="androidx.profileinstaller.action.INSTALL_PROFILE" />
192-->[androidx.profileinstaller:profileinstaller:1.3.0] AndroidManifest.xml:41:17-91
192-->[androidx.profileinstaller:profileinstaller:1.3.0] AndroidManifest.xml:41:25-88
193            </intent-filter>
194            <intent-filter>
194-->[androidx.profileinstaller:profileinstaller:1.3.0] AndroidManifest.xml:43:13-45:29
195                <action android:name="androidx.profileinstaller.action.SKIP_FILE" />
195-->[androidx.profileinstaller:profileinstaller:1.3.0] AndroidManifest.xml:44:17-85
195-->[androidx.profileinstaller:profileinstaller:1.3.0] AndroidManifest.xml:44:25-82
196            </intent-filter>
197            <intent-filter>
197-->[androidx.profileinstaller:profileinstaller:1.3.0] AndroidManifest.xml:46:13-48:29
198                <action android:name="androidx.profileinstaller.action.SAVE_PROFILE" />
198-->[androidx.profileinstaller:profileinstaller:1.3.0] AndroidManifest.xml:47:17-88
198-->[androidx.profileinstaller:profileinstaller:1.3.0] AndroidManifest.xml:47:25-85
199            </intent-filter>
200            <intent-filter>
200-->[androidx.profileinstaller:profileinstaller:1.3.0] AndroidManifest.xml:49:13-51:29
201                <action android:name="androidx.profileinstaller.action.BENCHMARK_OPERATION" />
201-->[androidx.profileinstaller:profileinstaller:1.3.0] AndroidManifest.xml:50:17-95
201-->[androidx.profileinstaller:profileinstaller:1.3.0] AndroidManifest.xml:50:25-92
202            </intent-filter>
203        </receiver>
204    </application>
205
206</manifest>